2020-10-23 11:48:53,086 INFO [dump-all-ok] transport.type+SEATA_GROUP, 1603331145494, length=3, md5=b136ef5f6a01d816991fe3cf7a6ac763

2020-10-23 11:48:53,089 INFO [dump-all-ok] transport.server+SEATA_GROUP, 1603331146879, length=3, md5=b6d9dfc0fb54277321cebc0fff55df2f

2020-10-23 11:48:53,089 INFO [dump-all-ok] transport.heartbeat+SEATA_GROUP, 1603331147498, length=4, md5=b326b5062b2f0e69046810717534cb09

2020-10-23 11:48:53,089 INFO [dump-all-ok] transport.enableClientBatchSendRequest+SEATA_GROUP, 1603331148190, length=5, md5=68934a3e9455fa72420237eb05902327

2020-10-23 11:48:53,089 INFO [dump-all-ok] transport.threadFactory.bossThreadPrefix+SEATA_GROUP, 1603331149316, length=9, md5=0f8db59a3b7f2823f38a70c308361836

2020-10-23 11:48:53,090 INFO [dump-all-ok] transport.threadFactory.workerThreadPrefix+SEATA_GROUP, 1603331150301, length=20, md5=a78ec7ef5d1631754c4e72ae8a3e9205

2020-10-23 11:48:53,090 INFO [dump-all-ok] transport.threadFactory.serverExecutorThreadPrefix+SEATA_GROUP, 1603331151050, length=21, md5=11a36309f3d9df84fa8b59cf071fa2da

2020-10-23 11:48:53,091 INFO [dump-all-ok] transport.threadFactory.shareBossWorker+SEATA_GROUP, 1603331152342, length=5, md5=68934a3e9455fa72420237eb05902327

2020-10-23 11:48:53,091 INFO [dump-all-ok] transport.threadFactory.clientSelectorThreadPrefix+SEATA_GROUP, 1603331153181, length=19, md5=cd7ec5a06541e75f5a7913752322c3af

2020-10-23 11:48:53,091 INFO [dump-all-ok] transport.threadFactory.clientSelectorThreadSize+SEATA_GROUP, 1603331154089, length=1, md5=c4ca4238a0b923820dcc509a6f75849b

2020-10-23 11:48:53,091 INFO [dump-all-ok] transport.threadFactory.clientWorkerThreadPrefix+SEATA_GROUP, 1603331155239, length=23, md5=61cf4e69a56354cf72f46dc86414a57e

2020-10-23 11:48:53,091 INFO [dump-all-ok] transport.threadFactory.bossThreadSize+SEATA_GROUP, 1603331156116, length=1, md5=c4ca4238a0b923820dcc509a6f75849b

2020-10-23 11:48:53,092 INFO [dump-all-ok] transport.threadFactory.workerThreadSize+SEATA_GROUP, 1603331157860, length=7, md5=c21f969b5f03d33d43e04f8f136e7682

2020-10-23 11:48:53,092 INFO [dump-all-ok] transport.shutdown.wait+SEATA_GROUP, 1603331158573, length=1, md5=eccbc87e4b5ce2fe28308fd9f2a7baf3

2020-10-23 11:48:53,092 INFO [dump-all-ok] service.vgroupMapping.my_test_tx_group+SEATA_GROUP, 1603331159183, length=13, md5=18a427476946e6a6685afed40d8d127b

2020-10-23 11:48:53,092 INFO [dump-all-ok] service.default.grouplist+SEATA_GROUP, 1603331159844, length=14, md5=c32ce0d3e264525dcdada751f98143a3

2020-10-23 11:48:53,092 INFO [dump-all-ok] service.enableDegrade+SEATA_GROUP, 1603331160440, length=5, md5=68934a3e9455fa72420237eb05902327

2020-10-23 11:48:53,092 INFO [dump-all-ok] service.disableGlobalTransaction+SEATA_GROUP, 1603331161043, length=5, md5=68934a3e9455fa72420237eb05902327

2020-10-23 11:48:53,092 INFO [dump-all-ok] client.rm.asyncCommitBufferLimit+SEATA_GROUP, 1603331162078, length=5, md5=b7a782741f667201b54880c925faec4b

2020-10-23 11:48:53,093 INFO [dump-all-ok] client.rm.lock.retryInterval+SEATA_GROUP, 1603331163014, length=2, md5=d3d9446802a44259755d38e6d163e820

2020-10-23 11:48:53,093 INFO [dump-all-ok] client.rm.lock.retryTimes+SEATA_GROUP, 1603331163819, length=2, md5=34173cb38f07f89ddbebc2ac9128303f

2020-10-23 11:48:53,093 INFO [dump-all-ok] client.rm.lock.retryPolicyBranchRollbackOnConflict+SEATA_GROUP, 1603331164449, length=4, md5=b326b5062b2f0e69046810717534cb09

2020-10-23 11:48:53,093 INFO [dump-all-ok] client.rm.reportRetryCount+SEATA_GROUP, 1603331164999, length=1, md5=e4da3b7fbbce2345d7772b0674a318d5

2020-10-23 11:48:53,093 INFO [dump-all-ok] client.rm.tableMetaCheckEnable+SEATA_GROUP, 1603331166082, length=5, md5=68934a3e9455fa72420237eb05902327

2020-10-23 11:48:53,094 INFO [dump-all-ok] client.rm.sqlParserType+SEATA_GROUP, 1603331166773, length=5, md5=3d650fb8a5df01600281d48c47c9fa60

2020-10-23 11:48:53,094 INFO [dump-all-ok] client.rm.reportSuccessEnable+SEATA_GROUP, 1603331167761, length=5, md5=68934a3e9455fa72420237eb05902327

2020-10-23 11:48:53,094 INFO [dump-all-ok] client.rm.sagaBranchRegisterEnable+SEATA_GROUP, 1603331168951, length=5, md5=68934a3e9455fa72420237eb05902327

2020-10-23 11:48:53,094 INFO [dump-all-ok] client.tm.commitRetryCount+SEATA_GROUP, 1603331169702, length=1, md5=e4da3b7fbbce2345d7772b0674a318d5

2020-10-23 11:48:53,094 INFO [dump-all-ok] client.tm.rollbackRetryCount+SEATA_GROUP, 1603331170324, length=1, md5=e4da3b7fbbce2345d7772b0674a318d5

2020-10-23 11:48:53,094 INFO [dump-all-ok] client.tm.defaultGlobalTransactionTimeout+SEATA_GROUP, 1603331171484, length=5, md5=2b4226dd7ed6eb2d419b881f3ae9c97c

2020-10-23 11:48:53,094 INFO [dump-all-ok] client.tm.degradeCheck+SEATA_GROUP, 1603331172326, length=5, md5=68934a3e9455fa72420237eb05902327

2020-10-23 11:48:53,095 INFO [dump-all-ok] client.tm.degradeCheckAllowTimes+SEATA_GROUP, 1603331172948, length=2, md5=d3d9446802a44259755d38e6d163e820

2020-10-23 11:48:53,095 INFO [dump-all-ok] client.tm.degradeCheckPeriod+SEATA_GROUP, 1603331174027, length=4, md5=08f90c1a417155361a5c4b8d297e0d78

2020-10-23 11:48:53,095 INFO [dump-all-ok] store.mode+SEATA_GROUP, 1603331175428, length=2, md5=d77d5e503ad1439f585ac494268b351b

2020-10-23 11:48:53,095 INFO [dump-all-ok] store.file.dir+SEATA_GROUP, 1603331176391, length=15, md5=6a8dec07c44c33a8a9247cba5710bbb2

2020-10-23 11:48:53,095 INFO [dump-all-ok] store.file.maxBranchSessionSize+SEATA_GROUP, 1603331177898, length=5, md5=c76fe1d8e08462434d800487585be217

2020-10-23 11:48:53,095 INFO [dump-all-ok] store.file.maxGlobalSessionSize+SEATA_GROUP, 1603331178883, length=3, md5=10a7cdd970fe135cf4f7bb55c0e3b59f

2020-10-23 11:48:53,096 INFO [dump-all-ok] store.file.fileWriteBufferCacheSize+SEATA_GROUP, 1603331180428, length=5, md5=c76fe1d8e08462434d800487585be217

2020-10-23 11:48:53,096 INFO [dump-all-ok] store.file.flushDiskMode+SEATA_GROUP, 1603331181828, length=5, md5=0df93e34273b367bb63bad28c94c78d5

2020-10-23 11:48:53,096 INFO [dump-all-ok] store.file.sessionReloadReadSize+SEATA_GROUP, 1603331182885, length=3, md5=f899139df5e1059396431415e770c6dd

2020-10-23 11:48:53,096 INFO [dump-all-ok] store.db.datasource+SEATA_GROUP, 1603331183793, length=5, md5=3d650fb8a5df01600281d48c47c9fa60

2020-10-23 11:48:53,097 INFO [dump-all-ok] store.db.dbType+SEATA_GROUP, 1603331184870, length=5, md5=81c3b080dad537de7e10e0987a4bf52e

2020-10-23 11:48:53,097 INFO [dump-all-ok] store.db.driverClassName+SEATA_GROUP, 1603331185789, length=24, md5=33763409bb7f4838bde4fae9540433e4

2020-10-23 11:48:53,097 INFO [dump-all-ok] store.db.url+SEATA_GROUP, 1603331186917, length=49, md5=cbb3bd573704f125fb4f2489208abaec

2020-10-23 11:48:53,097 INFO [dump-all-ok] store.db.user+SEATA_GROUP, 1603331187861, length=4, md5=63a9f0ea7bb98050796b649e85481845

2020-10-23 11:48:53,098 INFO [dump-all-ok] store.db.password+SEATA_GROUP, 1603331188934, length=4, md5=63a9f0ea7bb98050796b649e85481845

2020-10-23 11:48:53,098 INFO [dump-all-ok] store.db.minConn+SEATA_GROUP, 1603331189677, length=1, md5=e4da3b7fbbce2345d7772b0674a318d5

2020-10-23 11:48:53,099 INFO [dump-all-ok] store.db.maxConn+SEATA_GROUP, 1603331191432, length=2, md5=34173cb38f07f89ddbebc2ac9128303f

2020-10-23 11:48:53,099 INFO [dump-all-ok] store.db.globalTable+SEATA_GROUP, 1603331192677, length=12, md5=8b28fb6bb4c4f984df2709381f8eba2b

2020-10-23 11:48:53,099 INFO [dump-all-ok] store.db.branchTable+SEATA_GROUP, 1603331193986, length=12, md5=54bcdac38cf62e103fe115bcf46a660c

2020-10-23 11:48:53,099 INFO [dump-all-ok] store.db.queryLimit+SEATA_GROUP, 1603331195437, length=3, md5=f899139df5e1059396431415e770c6dd

2020-10-23 11:48:53,100 INFO [dump-all-ok] store.db.lockTable+SEATA_GROUP, 1603331196565, length=10, md5=55e0cae3b6dc6696b768db90098b8f2f

2020-10-23 11:48:53,100 INFO [dump-all-ok] store.db.maxWait+SEATA_GROUP, 1603331197319, length=4, md5=a35fe7f7fe8217b4369a0af4244d1fca

2020-10-23 11:48:53,100 INFO [dump-all-ok] store.redis.host+SEATA_GROUP, 1603331198134, length=9, md5=f528764d624db129b32c21fbca0cb8d6

2020-10-23 11:48:53,100 INFO [dump-all-ok] store.redis.port+SEATA_GROUP, 1603331198794, length=4, md5=92c3b916311a5517d9290576e3ea37ad

2020-10-23 11:48:53,100 INFO [dump-all-ok] store.redis.maxConn+SEATA_GROUP, 1603331199485, length=2, md5=d3d9446802a44259755d38e6d163e820

2020-10-23 11:48:53,101 INFO [dump-all-ok] store.redis.minConn+SEATA_GROUP, 1603331200259, length=1, md5=c4ca4238a0b923820dcc509a6f75849b

2020-10-23 11:48:53,101 INFO [dump-all-ok] store.redis.database+SEATA_GROUP, 1603331201535, length=1, md5=cfcd208495d565ef66e7dff9f98764da

2020-10-23 11:48:53,101 INFO [dump-all-ok] store.redis.password+SEATA_GROUP, 1603331202803, length=4, md5=37a6259cc0c1dae299a7866489dff0bd

2020-10-23 11:48:53,101 INFO [dump-all-ok] store.redis.queryLimit+SEATA_GROUP, 1603331203788, length=3, md5=f899139df5e1059396431415e770c6dd

2020-10-23 11:48:53,101 INFO [dump-all-ok] server.recovery.committingRetryPeriod+SEATA_GROUP, 1603331204987, length=4, md5=a9b7ba70783b617e9998dc4dd82eb3c5

2020-10-23 11:48:53,101 INFO [dump-all-ok] server.recovery.asynCommittingRetryPeriod+SEATA_GROUP, 1603331205953, length=4, md5=a9b7ba70783b617e9998dc4dd82eb3c5

2020-10-23 11:48:53,102 INFO [dump-all-ok] server.recovery.rollbackingRetryPeriod+SEATA_GROUP, 1603331207136, length=4, md5=a9b7ba70783b617e9998dc4dd82eb3c5

2020-10-23 11:48:53,102 INFO [dump-all-ok] server.recovery.timeoutRetryPeriod+SEATA_GROUP, 1603331208389, length=4, md5=a9b7ba70783b617e9998dc4dd82eb3c5

2020-10-23 11:48:53,102 INFO [dump-all-ok] server.maxCommitRetryTimeout+SEATA_GROUP, 1603331210165, length=2, md5=6bb61e3b7bce0931da574d19d1d82c88

2020-10-23 11:48:53,103 INFO [dump-all-ok] server.maxRollbackRetryTimeout+SEATA_GROUP, 1603331211260, length=2, md5=6bb61e3b7bce0931da574d19d1d82c88

2020-10-23 11:48:53,103 INFO [dump-all-ok] server.rollbackRetryTimeoutUnlockEnable+SEATA_GROUP, 1603331213183, length=5, md5=68934a3e9455fa72420237eb05902327

2020-10-23 11:48:53,103 INFO [dump-all-ok] client.undo.dataValidation+SEATA_GROUP, 1603331214279, length=4, md5=b326b5062b2f0e69046810717534cb09

2020-10-23 11:48:53,103 INFO [dump-all-ok] client.undo.logSerialization+SEATA_GROUP, 1603331215820, length=7, md5=b41779690b83f182acc67d6388c7bac9

2020-10-23 11:48:53,104 INFO [dump-all-ok] client.undo.onlyCareUpdateColumns+SEATA_GROUP, 1603331216809, length=4, md5=b326b5062b2f0e69046810717534cb09

2020-10-23 11:48:53,104 INFO [dump-all-ok] server.undo.logSaveDays+SEATA_GROUP, 1603331218577, length=1, md5=8f14e45fceea167a5a36dedd4bea2543

2020-10-23 11:48:53,104 INFO [dump-all-ok] server.undo.logDeletePeriod+SEATA_GROUP, 1603331219779, length=8, md5=f4c122804fe9076cb2710f55c3c6e346

2020-10-23 11:48:53,104 INFO [dump-all-ok] client.undo.logTable+SEATA_GROUP, 1603331220970, length=8, md5=2842d229c24afe9e61437135e8306614

2020-10-23 11:48:53,104 INFO [dump-all-ok] client.log.exceptionRate+SEATA_GROUP, 1603331222182, length=3, md5=f899139df5e1059396431415e770c6dd

2020-10-23 11:48:53,105 INFO [dump-all-ok] transport.serialization+SEATA_GROUP, 1603331223069, length=5, md5=b943081c423b9a5416a706524ee05d40

2020-10-23 11:48:53,105 INFO [dump-all-ok] transport.compressor+SEATA_GROUP, 1603331224195, length=4, md5=334c4a4c42fdb79d7ebc3e73b517e6f8

2020-10-23 11:48:53,105 INFO [dump-all-ok] metrics.enabled+SEATA_GROUP, 1603331225204, length=5, md5=68934a3e9455fa72420237eb05902327

2020-10-23 11:48:53,105 INFO [dump-all-ok] metrics.registryType+SEATA_GROUP, 1603331226273, length=7, md5=7cf74ca49c304df8150205fc915cd465

2020-10-23 11:48:53,105 INFO [dump-all-ok] metrics.exporterList+SEATA_GROUP, 1603331227366, length=10, md5=e4f00638b8a10e6994e67af2f832d51c

2020-10-23 11:48:53,105 INFO [dump-all-ok] metrics.exporterPrometheusPort+SEATA_GROUP, 1603331228352, length=4, md5=7b9dc501afe4ee11c56a4831e20cee71

2020-10-23 11:49:27,075 WARN [dump-ignore] ignore to save cache file. groupKey=transport.type+SEATA_GROUP, md5=b136ef5f6a01d816991fe3cf7a6ac763, lastModifiedOld=1603331145494, lastModifiedNew=1603424966090

2020-10-23 11:49:27,883 WARN [dump-ignore] ignore to save cache file. groupKey=transport.server+SEATA_GROUP, md5=b6d9dfc0fb54277321cebc0fff55df2f, lastModifiedOld=1603331146879, lastModifiedNew=1603424967810

2020-10-23 11:49:28,588 WARN [dump-ignore] ignore to save cache file. groupKey=transport.heartbeat+SEATA_GROUP, md5=b326b5062b2f0e69046810717534cb09, lastModifiedOld=1603331147498, lastModifiedNew=1603424968535

2020-10-23 11:49:29,694 WARN [dump-ignore] ignore to save cache file. groupKey=transport.enableClientBatchSendRequest+SEATA_GROUP, md5=68934a3e9455fa72420237eb05902327, lastModifiedOld=1603331148190, lastModifiedNew=1603424969606

2020-10-23 11:49:30,805 WARN [dump-ignore] ignore to save cache file. groupKey=transport.threadFactory.bossThreadPrefix+SEATA_GROUP, md5=0f8db59a3b7f2823f38a70c308361836, lastModifiedOld=1603331149316, lastModifiedNew=1603424970722

2020-10-23 11:49:31,512 WARN [dump-ignore] ignore to save cache file. groupKey=transport.threadFactory.workerThreadPrefix+SEATA_GROUP, md5=a78ec7ef5d1631754c4e72ae8a3e9205, lastModifiedOld=1603331150301, lastModifiedNew=1603424971419

2020-10-23 11:49:32,321 WARN [dump-ignore] ignore to save cache file. groupKey=transport.threadFactory.serverExecutorThreadPrefix+SEATA_GROUP, md5=11a36309f3d9df84fa8b59cf071fa2da, lastModifiedOld=1603331151050, lastModifiedNew=1603424972201

2020-10-23 11:49:32,927 WARN [dump-ignore] ignore to save cache file. groupKey=transport.threadFactory.shareBossWorker+SEATA_GROUP, md5=68934a3e9455fa72420237eb05902327, lastModifiedOld=1603331152342, lastModifiedNew=1603424972885

2020-10-23 11:49:33,835 WARN [dump-ignore] ignore to save cache file. groupKey=transport.threadFactory.clientSelectorThreadPrefix+SEATA_GROUP, md5=cd7ec5a06541e75f5a7913752322c3af, lastModifiedOld=1603331153181, lastModifiedNew=1603424973773

2020-10-23 11:49:34,850 WARN [dump-ignore] ignore to save cache file. groupKey=transport.threadFactory.clientSelectorThreadSize+SEATA_GROUP, md5=c4ca4238a0b923820dcc509a6f75849b, lastModifiedOld=1603331154089, lastModifiedNew=1603424974574

2020-10-23 11:49:35,857 WARN [dump-ignore] ignore to save cache file. groupKey=transport.threadFactory.clientWorkerThreadPrefix+SEATA_GROUP, md5=61cf4e69a56354cf72f46dc86414a57e, lastModifiedOld=1603331155239, lastModifiedNew=1603424975768

2020-10-23 11:49:36,970 WARN [dump-ignore] ignore to save cache file. groupKey=transport.threadFactory.bossThreadSize+SEATA_GROUP, md5=c4ca4238a0b923820dcc509a6f75849b, lastModifiedOld=1603331156116, lastModifiedNew=1603424976937

2020-10-23 11:49:37,876 WARN [dump-ignore] ignore to save cache file. groupKey=transport.threadFactory.workerThreadSize+SEATA_GROUP, md5=c21f969b5f03d33d43e04f8f136e7682, lastModifiedOld=1603331157860, lastModifiedNew=1603424977833

2020-10-23 11:49:38,481 WARN [dump-ignore] ignore to save cache file. groupKey=transport.shutdown.wait+SEATA_GROUP, md5=eccbc87e4b5ce2fe28308fd9f2a7baf3, lastModifiedOld=1603331158573, lastModifiedNew=1603424978441

2020-10-23 11:49:39,387 WARN [dump-ignore] ignore to save cache file. groupKey=service.vgroupMapping.my_test_tx_group+SEATA_GROUP, md5=18a427476946e6a6685afed40d8d127b, lastModifiedOld=1603331159183, lastModifiedNew=1603424979310

2020-10-23 11:49:40,296 WARN [dump-ignore] ignore to save cache file. groupKey=service.default.grouplist+SEATA_GROUP, md5=c32ce0d3e264525dcdada751f98143a3, lastModifiedOld=1603331159844, lastModifiedNew=1603424980283

2020-10-23 11:49:41,001 WARN [dump-ignore] ignore to save cache file. groupKey=service.enableDegrade+SEATA_GROUP, md5=68934a3e9455fa72420237eb05902327, lastModifiedOld=1603331160440, lastModifiedNew=1603424980856

2020-10-23 11:49:42,210 WARN [dump-ignore] ignore to save cache file. groupKey=service.disableGlobalTransaction+SEATA_GROUP, md5=68934a3e9455fa72420237eb05902327, lastModifiedOld=1603331161043, lastModifiedNew=1603424982123

2020-10-23 11:49:43,219 WARN [dump-ignore] ignore to save cache file. groupKey=client.rm.asyncCommitBufferLimit+SEATA_GROUP, md5=b7a782741f667201b54880c925faec4b, lastModifiedOld=1603331162078, lastModifiedNew=1603424983173

2020-10-23 11:49:56,596 WARN [dump-ignore] ignore to save cache file. groupKey=client.rm.lock.retryInterval+SEATA_GROUP, md5=d3d9446802a44259755d38e6d163e820, lastModifiedOld=1603331163014, lastModifiedNew=1603424996536

2020-10-23 11:49:57,704 WARN [dump-ignore] ignore to save cache file. groupKey=client.rm.lock.retryTimes+SEATA_GROUP, md5=34173cb38f07f89ddbebc2ac9128303f, lastModifiedOld=1603331163819, lastModifiedNew=1603424997667

2020-10-23 11:49:58,309 WARN [dump-ignore] ignore to save cache file. groupKey=client.rm.lock.retryPolicyBranchRollbackOnConflict+SEATA_GROUP, md5=b326b5062b2f0e69046810717534cb09, lastModifiedOld=1603331164449, lastModifiedNew=1603424998272

2020-10-23 11:49:59,114 WARN [dump-ignore] ignore to save cache file. groupKey=client.rm.reportRetryCount+SEATA_GROUP, md5=e4da3b7fbbce2345d7772b0674a318d5, lastModifiedOld=1603331164999, lastModifiedNew=1603424999097

2020-10-23 11:50:00,626 WARN [dump-ignore] ignore to save cache file. groupKey=client.rm.tableMetaCheckEnable+SEATA_GROUP, md5=68934a3e9455fa72420237eb05902327, lastModifiedOld=1603331166082, lastModifiedNew=1603425000549

2020-10-23 11:50:01,532 WARN [dump-ignore] ignore to save cache file. groupKey=client.rm.sqlParserType+SEATA_GROUP, md5=3d650fb8a5df01600281d48c47c9fa60, lastModifiedOld=1603331166773, lastModifiedNew=1603425001462

2020-10-23 11:50:02,239 WARN [dump-ignore] ignore to save cache file. groupKey=client.rm.reportSuccessEnable+SEATA_GROUP, md5=68934a3e9455fa72420237eb05902327, lastModifiedOld=1603331167761, lastModifiedNew=1603425002140

2020-10-23 11:50:03,245 WARN [dump-ignore] ignore to save cache file. groupKey=client.rm.sagaBranchRegisterEnable+SEATA_GROUP, md5=68934a3e9455fa72420237eb05902327, lastModifiedOld=1603331168951, lastModifiedNew=1603425003165

2020-10-23 11:50:03,850 WARN [dump-ignore] ignore to save cache file. groupKey=client.tm.commitRetryCount+SEATA_GROUP, md5=e4da3b7fbbce2345d7772b0674a318d5, lastModifiedOld=1603331169702, lastModifiedNew=1603425003840

2020-10-23 11:50:04,959 WARN [dump-ignore] ignore to save cache file. groupKey=client.tm.rollbackRetryCount+SEATA_GROUP, md5=e4da3b7fbbce2345d7772b0674a318d5, lastModifiedOld=1603331170324, lastModifiedNew=1603425004862

2020-10-23 11:50:05,765 WARN [dump-ignore] ignore to save cache file. groupKey=client.tm.defaultGlobalTransactionTimeout+SEATA_GROUP, md5=2b4226dd7ed6eb2d419b881f3ae9c97c, lastModifiedOld=1603331171484, lastModifiedNew=1603425005724

2020-10-23 11:50:06,371 WARN [dump-ignore] ignore to save cache file. groupKey=client.tm.degradeCheck+SEATA_GROUP, md5=68934a3e9455fa72420237eb05902327, lastModifiedOld=1603331172326, lastModifiedNew=1603425006314

2020-10-23 11:50:07,378 WARN [dump-ignore] ignore to save cache file. groupKey=client.tm.degradeCheckAllowTimes+SEATA_GROUP, md5=d3d9446802a44259755d38e6d163e820, lastModifiedOld=1603331172948, lastModifiedNew=1603425007277

2020-10-23 11:50:08,488 WARN [dump-ignore] ignore to save cache file. groupKey=client.tm.degradeCheckPeriod+SEATA_GROUP, md5=08f90c1a417155361a5c4b8d297e0d78, lastModifiedOld=1603331174027, lastModifiedNew=1603425008273

2020-10-23 11:50:09,295 WARN [dump-ignore] ignore to save cache file. groupKey=store.mode+SEATA_GROUP, md5=d77d5e503ad1439f585ac494268b351b, lastModifiedOld=1603331175428, lastModifiedNew=1603425009258

2020-10-23 11:50:10,201 WARN [dump-ignore] ignore to save cache file. groupKey=store.file.dir+SEATA_GROUP, md5=6a8dec07c44c33a8a9247cba5710bbb2, lastModifiedOld=1603331176391, lastModifiedNew=1603425010133

2020-10-23 11:50:11,008 WARN [dump-ignore] ignore to save cache file. groupKey=store.file.maxBranchSessionSize+SEATA_GROUP, md5=c76fe1d8e08462434d800487585be217, lastModifiedOld=1603331177898, lastModifiedNew=1603425010999

2020-10-23 11:50:11,612 WARN [dump-ignore] ignore to save cache file. groupKey=store.file.maxGlobalSessionSize+SEATA_GROUP, md5=10a7cdd970fe135cf4f7bb55c0e3b59f, lastModifiedOld=1603331178883, lastModifiedNew=1603425011596

2020-10-23 11:50:12,418 WARN [dump-ignore] ignore to save cache file. groupKey=store.file.fileWriteBufferCacheSize+SEATA_GROUP, md5=c76fe1d8e08462434d800487585be217, lastModifiedOld=1603331180428, lastModifiedNew=1603425012329

2020-10-23 11:50:13,025 WARN [dump-ignore] ignore to save cache file. groupKey=store.file.flushDiskMode+SEATA_GROUP, md5=0df93e34273b367bb63bad28c94c78d5, lastModifiedOld=1603331181828, lastModifiedNew=1603425012946

2020-10-23 11:50:14,034 WARN [dump-ignore] ignore to save cache file. groupKey=store.file.sessionReloadReadSize+SEATA_GROUP, md5=f899139df5e1059396431415e770c6dd, lastModifiedOld=1603331182885, lastModifiedNew=1603425013959

2020-10-23 11:50:14,841 WARN [dump-ignore] ignore to save cache file. groupKey=store.db.datasource+SEATA_GROUP, md5=3d650fb8a5df01600281d48c47c9fa60, lastModifiedOld=1603331183793, lastModifiedNew=1603425014778

2020-10-23 11:50:15,545 WARN [dump-ignore] ignore to save cache file. groupKey=store.db.dbType+SEATA_GROUP, md5=81c3b080dad537de7e10e0987a4bf52e, lastModifiedOld=1603331184870, lastModifiedNew=1603425015526

2020-10-23 11:50:16,251 WARN [dump-ignore] ignore to save cache file. groupKey=store.db.driverClassName+SEATA_GROUP, md5=33763409bb7f4838bde4fae9540433e4, lastModifiedOld=1603331185789, lastModifiedNew=1603425016161

2020-10-23 11:50:16,959 WARN [dump-ignore] ignore to save cache file. groupKey=store.db.url+SEATA_GROUP, md5=cbb3bd573704f125fb4f2489208abaec, lastModifiedOld=1603331186917, lastModifiedNew=1603425016906

2020-10-23 11:50:17,564 WARN [dump-ignore] ignore to save cache file. groupKey=store.db.user+SEATA_GROUP, md5=63a9f0ea7bb98050796b649e85481845, lastModifiedOld=1603331187861, lastModifiedNew=1603425017521

2020-10-23 11:50:18,372 WARN [dump-ignore] ignore to save cache file. groupKey=store.db.password+SEATA_GROUP, md5=63a9f0ea7bb98050796b649e85481845, lastModifiedOld=1603331188934, lastModifiedNew=1603425018280

2020-10-23 11:50:19,379 WARN [dump-ignore] ignore to save cache file. groupKey=store.db.minConn+SEATA_GROUP, md5=e4da3b7fbbce2345d7772b0674a318d5, lastModifiedOld=1603331189677, lastModifiedNew=1603425019038

2020-10-23 11:50:20,387 WARN [dump-ignore] ignore to save cache file. groupKey=store.db.maxConn+SEATA_GROUP, md5=34173cb38f07f89ddbebc2ac9128303f, lastModifiedOld=1603331191432, lastModifiedNew=1603425020306

2020-10-23 11:50:20,993 WARN [dump-ignore] ignore to save cache file. groupKey=store.db.globalTable+SEATA_GROUP, md5=8b28fb6bb4c4f984df2709381f8eba2b, lastModifiedOld=1603331192677, lastModifiedNew=1603425020899

2020-10-23 11:50:21,597 WARN [dump-ignore] ignore to save cache file. groupKey=store.db.branchTable+SEATA_GROUP, md5=54bcdac38cf62e103fe115bcf46a660c, lastModifiedOld=1603331193986, lastModifiedNew=1603425021515

2020-10-23 11:50:22,303 WARN [dump-ignore] ignore to save cache file. groupKey=store.db.queryLimit+SEATA_GROUP, md5=f899139df5e1059396431415e770c6dd, lastModifiedOld=1603331195437, lastModifiedNew=1603425022270

2020-10-23 11:50:23,110 WARN [dump-ignore] ignore to save cache file. groupKey=store.db.lockTable+SEATA_GROUP, md5=55e0cae3b6dc6696b768db90098b8f2f, lastModifiedOld=1603331196565, lastModifiedNew=1603425023043

2020-10-23 11:50:24,017 WARN [dump-ignore] ignore to save cache file. groupKey=store.db.maxWait+SEATA_GROUP, md5=a35fe7f7fe8217b4369a0af4244d1fca, lastModifiedOld=1603331197319, lastModifiedNew=1603425023951

2020-10-23 11:50:36,994 WARN [dump-ignore] ignore to save cache file. groupKey=store.redis.host+SEATA_GROUP, md5=f528764d624db129b32c21fbca0cb8d6, lastModifiedOld=1603331198134, lastModifiedNew=1603425036933

2020-10-23 11:50:37,801 WARN [dump-ignore] ignore to save cache file. groupKey=store.redis.port+SEATA_GROUP, md5=92c3b916311a5517d9290576e3ea37ad, lastModifiedOld=1603331198794, lastModifiedNew=1603425037774

2020-10-23 11:50:38,507 WARN [dump-ignore] ignore to save cache file. groupKey=store.redis.maxConn+SEATA_GROUP, md5=d3d9446802a44259755d38e6d163e820, lastModifiedOld=1603331199485, lastModifiedNew=1603425038415

2020-10-23 11:50:39,212 WARN [dump-ignore] ignore to save cache file. groupKey=store.redis.minConn+SEATA_GROUP, md5=c4ca4238a0b923820dcc509a6f75849b, lastModifiedOld=1603331200259, lastModifiedNew=1603425039128

2020-10-23 11:50:39,816 WARN [dump-ignore] ignore to save cache file. groupKey=store.redis.database+SEATA_GROUP, md5=cfcd208495d565ef66e7dff9f98764da, lastModifiedOld=1603331201535, lastModifiedNew=1603425039742

2020-10-23 11:50:40,422 WARN [dump-ignore] ignore to save cache file. groupKey=store.redis.password+SEATA_GROUP, md5=37a6259cc0c1dae299a7866489dff0bd, lastModifiedOld=1603331202803, lastModifiedNew=1603425040405

2020-10-23 11:50:41,330 WARN [dump-ignore] ignore to save cache file. groupKey=store.redis.queryLimit+SEATA_GROUP, md5=f899139df5e1059396431415e770c6dd, lastModifiedOld=1603331203788, lastModifiedNew=1603425041314

2020-10-23 11:50:42,339 WARN [dump-ignore] ignore to save cache file. groupKey=server.recovery.committingRetryPeriod+SEATA_GROUP, md5=a9b7ba70783b617e9998dc4dd82eb3c5, lastModifiedOld=1603331204987, lastModifiedNew=1603425042293

2020-10-23 11:50:43,046 WARN [dump-ignore] ignore to save cache file. groupKey=server.recovery.asynCommittingRetryPeriod+SEATA_GROUP, md5=a9b7ba70783b617e9998dc4dd82eb3c5, lastModifiedOld=1603331205953, lastModifiedNew=1603425042994

2020-10-23 11:50:44,055 WARN [dump-ignore] ignore to save cache file. groupKey=server.recovery.rollbackingRetryPeriod+SEATA_GROUP, md5=a9b7ba70783b617e9998dc4dd82eb3c5, lastModifiedOld=1603331207136, lastModifiedNew=1603425043829

2020-10-23 11:50:44,660 WARN [dump-ignore] ignore to save cache file. groupKey=server.recovery.timeoutRetryPeriod+SEATA_GROUP, md5=a9b7ba70783b617e9998dc4dd82eb3c5, lastModifiedOld=1603331208389, lastModifiedNew=1603425044629

2020-10-23 11:50:46,072 WARN [dump-ignore] ignore to save cache file. groupKey=server.maxCommitRetryTimeout+SEATA_GROUP, md5=6bb61e3b7bce0931da574d19d1d82c88, lastModifiedOld=1603331210165, lastModifiedNew=1603425045978

2020-10-23 11:50:50,198 WARN [dump-ignore] ignore to save cache file. groupKey=server.maxRollbackRetryTimeout+SEATA_GROUP, md5=6bb61e3b7bce0931da574d19d1d82c88, lastModifiedOld=1603331211260, lastModifiedNew=1603425050166

2020-10-23 11:50:51,810 WARN [dump-ignore] ignore to save cache file. groupKey=server.rollbackRetryTimeoutUnlockEnable+SEATA_GROUP, md5=68934a3e9455fa72420237eb05902327, lastModifiedOld=1603331213183, lastModifiedNew=1603425051708

2020-10-23 11:50:53,925 WARN [dump-ignore] ignore to save cache file. groupKey=client.undo.dataValidation+SEATA_GROUP, md5=b326b5062b2f0e69046810717534cb09, lastModifiedOld=1603331214279, lastModifiedNew=1603425053843

2020-10-23 11:50:55,644 WARN [dump-ignore] ignore to save cache file. groupKey=client.undo.logSerialization+SEATA_GROUP, md5=b41779690b83f182acc67d6388c7bac9, lastModifiedOld=1603331215820, lastModifiedNew=1603425055512

2020-10-23 11:50:57,063 WARN [dump-ignore] ignore to save cache file. groupKey=client.undo.onlyCareUpdateColumns+SEATA_GROUP, md5=b326b5062b2f0e69046810717534cb09, lastModifiedOld=1603331216809, lastModifiedNew=1603425056950

2020-10-23 11:50:59,180 WARN [dump-ignore] ignore to save cache file. groupKey=server.undo.logSaveDays+SEATA_GROUP, md5=8f14e45fceea167a5a36dedd4bea2543, lastModifiedOld=1603331218577, lastModifiedNew=1603425059136

2020-10-23 11:51:00,592 WARN [dump-ignore] ignore to save cache file. groupKey=server.undo.logDeletePeriod+SEATA_GROUP, md5=f4c122804fe9076cb2710f55c3c6e346, lastModifiedOld=1603331219779, lastModifiedNew=1603425060561

2020-10-23 11:51:01,802 WARN [dump-ignore] ignore to save cache file. groupKey=client.undo.logTable+SEATA_GROUP, md5=2842d229c24afe9e61437135e8306614, lastModifiedOld=1603331220970, lastModifiedNew=1603425061749

2020-10-23 11:51:02,811 WARN [dump-ignore] ignore to save cache file. groupKey=client.log.exceptionRate+SEATA_GROUP, md5=f899139df5e1059396431415e770c6dd, lastModifiedOld=1603331222182, lastModifiedNew=1603425062793

2020-10-23 11:51:04,730 WARN [dump-ignore] ignore to save cache file. groupKey=transport.serialization+SEATA_GROUP, md5=b943081c423b9a5416a706524ee05d40, lastModifiedOld=1603331223069, lastModifiedNew=1603425064644

2020-10-23 11:51:05,640 WARN [dump-ignore] ignore to save cache file. groupKey=transport.compressor+SEATA_GROUP, md5=334c4a4c42fdb79d7ebc3e73b517e6f8, lastModifiedOld=1603331224195, lastModifiedNew=1603425065592

2020-10-23 11:51:06,344 WARN [dump-ignore] ignore to save cache file. groupKey=metrics.enabled+SEATA_GROUP, md5=68934a3e9455fa72420237eb05902327, lastModifiedOld=1603331225204, lastModifiedNew=1603425066332

2020-10-23 11:51:07,152 WARN [dump-ignore] ignore to save cache file. groupKey=metrics.registryType+SEATA_GROUP, md5=7cf74ca49c304df8150205fc915cd465, lastModifiedOld=1603331226273, lastModifiedNew=1603425067048

2020-10-23 11:51:07,756 WARN [dump-ignore] ignore to save cache file. groupKey=metrics.exporterList+SEATA_GROUP, md5=e4f00638b8a10e6994e67af2f832d51c, lastModifiedOld=1603331227366, lastModifiedNew=1603425067715

2020-10-23 11:51:08,566 WARN [dump-ignore] ignore to save cache file. groupKey=metrics.exporterPrometheusPort+SEATA_GROUP, md5=7b9dc501afe4ee11c56a4831e20cee71, lastModifiedOld=1603331228352, lastModifiedNew=1603425068419

