2020-10-26 14:09:39,147 WARN clearConfigHistory start

2020-10-26 14:09:42,194 WARN HikariPool-1 - Thread starvation or clock leap detected (housekeeper delta=19h21m20s503ms642µs).

2020-10-26 14:10:21,639 INFO [capacityManagement] start correct usage

2020-10-26 14:10:21,671 INFO [capacityManagement] end correct usage, cost: 0s

2020-10-26 14:58:42,334 WARN HikariPool-1 - Thread starvation or clock leap detected (housekeeper delta=46m30s118ms97µs900ns).

2020-10-26 14:58:49,462 WARN clearConfigHistory start

2020-10-26 15:16:40,426 WARN clearConfigHistory start

2020-10-26 15:16:53,306 WARN HikariPool-1 - Thread starvation or clock leap detected (housekeeper delta=18m10s988ms926µs200ns).

2020-10-26 15:24:02,722 INFO [capacityManagement] start correct usage

2020-10-26 15:24:04,347 INFO [capacityManagement] end correct usage, cost: 0s

2020-10-26 15:26:40,441 WARN clearConfigHistory start

2020-10-26 15:43:34,011 WARN clearConfigHistory start

2020-10-26 15:43:36,207 WARN HikariPool-1 - Thread starvation or clock leap detected (housekeeper delta=12m12s705ms356µs800ns).

2020-10-26 16:19:25,640 WARN clearConfigHistory start

2020-10-26 16:19:27,806 WARN HikariPool-1 - Thread starvation or clock leap detected (housekeeper delta=34m51s608ms50µs300ns).

2020-10-26 16:20:08,619 INFO [capacityManagement] start correct usage

2020-10-26 16:20:08,619 INFO [capacityManagement] end correct usage, cost: 0s

2020-10-26 16:29:25,645 WARN clearConfigHistory start

2020-10-26 16:30:08,622 INFO [capacityManagement] start correct usage

2020-10-26 16:30:08,631 INFO [capacityManagement] end correct usage, cost: 0s

2020-10-26 16:31:54,229 WARN HikariPool-1 - Thread starvation or clock leap detected (housekeeper delta=56s400ms542µs800ns).

2020-10-26 16:39:25,773 WARN clearConfigHistory start

2020-10-26 16:40:35,012 INFO [capacityManagement] start correct usage

2020-10-26 16:40:35,034 INFO [capacityManagement] end correct usage, cost: 0s

2020-10-26 16:49:26,005 WARN clearConfigHistory start

2020-10-26 16:50:35,037 INFO [capacityManagement] start correct usage

2020-10-26 16:50:35,061 INFO [capacityManagement] end correct usage, cost: 0s

2020-10-26 16:59:26,054 WARN clearConfigHistory start

2020-10-26 17:00:35,062 INFO [capacityManagement] start correct usage

2020-10-26 17:00:35,089 INFO [capacityManagement] end correct usage, cost: 0s

2020-10-26 17:09:26,298 WARN clearConfigHistory start

2020-10-26 17:10:35,093 INFO [capacityManagement] start correct usage

2020-10-26 17:10:35,113 INFO [capacityManagement] end correct usage, cost: 0s

2020-10-26 17:19:26,526 WARN clearConfigHistory start

2020-10-26 17:20:35,115 INFO [capacityManagement] start correct usage

2020-10-26 17:20:35,121 INFO [capacityManagement] end correct usage, cost: 0s

2020-10-26 17:29:26,629 WARN clearConfigHistory start

2020-10-26 17:30:35,124 INFO [capacityManagement] start correct usage

2020-10-26 17:30:35,143 INFO [capacityManagement] end correct usage, cost: 0s

2020-10-26 17:39:26,768 WARN clearConfigHistory start

2020-10-26 17:40:35,146 INFO [capacityManagement] start correct usage

2020-10-26 17:40:35,183 INFO [capacityManagement] end correct usage, cost: 0s

2020-10-26 17:49:26,922 WARN clearConfigHistory start

2020-10-26 17:50:35,193 INFO [capacityManagement] start correct usage

2020-10-26 17:50:35,234 INFO [capacityManagement] end correct usage, cost: 0s

2020-10-26 17:59:28,159 WARN clearConfigHistory start

