2020-10-29 08:32:46,750 INFO PERFORMANCE:|0|0|-1|-1

2020-10-29 08:37:46,778 INFO PERFORMANCE:|0|0|-1|-1

2020-10-29 08:42:46,781 INFO PERFORMANCE:|0|0|-1|-1

2020-10-29 08:47:46,796 INFO PERFORMANCE:|0|0|-1|-1

2020-10-29 08:52:46,802 INFO PERFORMANCE:|0|0|-1|-1

2020-10-29 08:57:46,805 INFO PERFORMANCE:|2|2|-1|-1

2020-10-29 09:02:46,824 INFO PERFORMANCE:|2|2|-1|-1

2020-10-29 09:07:46,851 INFO PERFORMANCE:|2|2|-1|-1

2020-10-29 09:12:46,871 INFO PERFORMANCE:|2|1|-1|-1

2020-10-29 09:17:46,893 INFO PERFORMANCE:|2|2|-1|-1

2020-10-29 09:22:46,920 INFO PERFORMANCE:|2|2|-1|-1

2020-10-29 09:27:46,922 INFO PERFORMANCE:|2|2|-1|-1

2020-10-29 09:32:46,923 INFO PERFORMANCE:|2|2|-1|-1

2020-10-29 09:37:46,925 INFO PERFORMANCE:|2|2|-1|-1

2020-10-29 09:42:46,928 INFO PERFORMANCE:|2|2|-1|-1

2020-10-29 09:47:46,930 INFO PERFORMANCE:|2|2|-1|-1

2020-10-29 09:52:46,956 INFO PERFORMANCE:|2|2|-1|-1

2020-10-29 09:57:46,989 INFO PERFORMANCE:|2|2|-1|-1

2020-10-29 10:02:47,024 INFO PERFORMANCE:|2|2|-1|-1

2020-10-29 10:07:47,038 INFO PERFORMANCE:|2|2|-1|-1

2020-10-29 10:12:47,041 INFO PERFORMANCE:|2|2|-1|-1

2020-10-29 10:17:47,062 INFO PERFORMANCE:|2|2|-1|-1

2020-10-29 10:22:47,064 INFO PERFORMANCE:|1|1|-1|-1

2020-10-29 10:27:47,065 INFO PERFORMANCE:|1|1|-1|-1

2020-10-29 10:32:47,067 INFO PERFORMANCE:|1|1|-1|-1

2020-10-29 10:37:47,069 INFO PERFORMANCE:|1|1|-1|-1

2020-10-29 10:42:47,072 INFO PERFORMANCE:|1|1|-1|-1

2020-10-29 10:47:47,098 INFO PERFORMANCE:|2|2|-1|-1

2020-10-29 10:52:47,113 INFO PERFORMANCE:|2|2|-1|-1

2020-10-29 10:57:47,145 INFO PERFORMANCE:|2|0|-1|-1

2020-10-29 11:02:47,161 INFO PERFORMANCE:|0|0|-1|-1

2020-10-29 11:07:47,176 INFO PERFORMANCE:|0|0|-1|-1

2020-10-29 11:12:47,181 INFO PERFORMANCE:|0|0|-1|-1

2020-10-29 11:17:47,185 INFO PERFORMANCE:|0|0|-1|-1

2020-10-29 11:22:47,187 INFO PERFORMANCE:|0|0|-1|-1

2020-10-29 11:27:47,193 INFO PERFORMANCE:|0|0|-1|-1

2020-10-29 11:32:47,203 INFO PERFORMANCE:|0|0|-1|-1

2020-10-29 11:37:47,241 INFO PERFORMANCE:|0|0|-1|-1

2020-10-29 11:42:47,244 INFO PERFORMANCE:|2|2|-1|-1

2020-10-29 11:47:47,271 INFO PERFORMANCE:|0|0|-1|-1

2020-10-29 11:52:47,295 INFO PERFORMANCE:|0|0|-1|-1

2020-10-29 11:57:47,323 INFO PERFORMANCE:|2|0|-1|-1

2020-10-29 12:02:47,345 INFO PERFORMANCE:|0|0|-1|-1

2020-10-29 12:07:47,349 INFO PERFORMANCE:|1|1|-1|-1

2020-10-29 12:12:47,376 INFO PERFORMANCE:|2|2|-1|-1

2020-10-29 12:17:47,406 INFO PERFORMANCE:|2|2|23|23

2020-10-29 12:22:47,443 INFO PERFORMANCE:|2|1|-1|-1

2020-10-29 12:27:47,448 INFO PERFORMANCE:|0|0|-1|-1

2020-10-29 14:13:22,028 INFO PERFORMANCE:|0|0|-1|-1

2020-10-29 14:18:22,031 INFO PERFORMANCE:|0|0|-1|-1

2020-10-29 14:23:22,047 INFO PERFORMANCE:|0|0|-1|-1

2020-10-29 14:28:22,058 INFO PERFORMANCE:|0|0|-1|-1

2020-10-29 14:33:22,066 INFO PERFORMANCE:|2|2|-1|-1

2020-10-29 14:38:22,105 INFO PERFORMANCE:|2|2|-1|-1

2020-10-29 14:43:22,128 INFO PERFORMANCE:|2|2|-1|-1

2020-10-29 14:48:22,162 INFO PERFORMANCE:|2|2|-1|-1

2020-10-29 14:53:22,165 INFO PERFORMANCE:|2|2|-1|-1

2020-10-29 14:58:22,194 INFO PERFORMANCE:|2|2|-1|-1

2020-10-29 15:03:22,218 INFO PERFORMANCE:|2|0|-1|-1

2020-10-29 15:08:22,222 INFO PERFORMANCE:|2|2|-1|-1

2020-10-29 15:13:22,245 INFO PERFORMANCE:|2|2|-1|-1

2020-10-29 15:18:22,257 INFO PERFORMANCE:|2|2|-1|-1

2020-10-29 15:23:22,281 INFO PERFORMANCE:|2|2|-1|-1

2020-10-29 15:28:22,314 INFO PERFORMANCE:|2|2|-1|-1

2020-10-29 15:33:22,321 INFO PERFORMANCE:|2|0|-1|-1

2020-10-29 15:38:22,334 INFO PERFORMANCE:|2|0|-1|-1

2020-10-29 15:43:22,376 INFO PERFORMANCE:|2|0|-1|-1

2020-10-29 15:48:22,410 INFO PERFORMANCE:|0|0|-1|-1

2020-10-29 15:53:22,440 INFO PERFORMANCE:|0|0|-1|-1

2020-10-29 15:58:22,478 INFO PERFORMANCE:|2|0|-1|-1

